Assuming unrestricted shared filesystem usage.
host: Mac.fritz.box
Building DAG of jobs...
Using shell: /opt/local/bin/bash
Provided cores: 1 (use --cores to define parallelism)
Rules claiming more threads will be scaled down.
Job stats:
job             count
------------  -------
all                 1
prepare_case        1
run_case            1
visualize           2
total               5

Select jobs to execute...
Execute 1 jobs...
[Fri Dec 26 14:15:21 2025]
localrule visualize:
    input: results/wigley/log.interFoam, results/wigley/0.1, workflows/scripts/visualize.py
    output: results/wigley/visualization.png
    jobid: 1
    reason: Params have changed since last execution: Union of exclusive params before and now across all output: before: <nothing exclusive> now: 'results/wigley' 
    wildcards: case_name=wigley
    resources: tmpdir=/var/folders/gr/0j917nfx62x487fv_l35dkn40000gn/T
[Fri Dec 26 14:15:22 2025]
Finished jobid: 1 (Rule: visualize)
1 of 5 steps (20%) done
Select jobs to execute...
Execute 1 jobs...
[Fri Dec 26 14:15:22 2025]
localrule prepare_case:
    input: cases/empty_tank/case.toml, workflows/scripts/prepare_case.py
    output: build/empty_tank
    jobid: 6
    reason: Missing output files: build/empty_tank
    wildcards: case_name=empty_tank
    resources: tmpdir=/var/folders/gr/0j917nfx62x487fv_l35dkn40000gn/T
[Fri Dec 26 14:15:22 2025]
Finished jobid: 6 (Rule: prepare_case)
2 of 5 steps (40%) done
Select jobs to execute...
Execute 1 jobs...
[Fri Dec 26 14:15:22 2025]
localrule run_case:
    input: build/empty_tank
    output: results/empty_tank/log.interFoam, results/empty_tank/0.1
    jobid: 5
    reason: Missing output files: results/empty_tank/log.interFoam, results/empty_tank/0.1; Input files updated by another job: build/empty_tank
    wildcards: case_name=empty_tank
    resources: tmpdir=/var/folders/gr/0j917nfx62x487fv_l35dkn40000gn/T
[Fri Dec 26 14:15:22 2025]
Finished jobid: 5 (Rule: run_case)
3 of 5 steps (60%) done
Select jobs to execute...
Execute 1 jobs...
[Fri Dec 26 14:15:22 2025]
localrule visualize:
    input: results/empty_tank/log.interFoam, results/empty_tank/0.1, workflows/scripts/visualize.py
    output: results/empty_tank/visualization.png
    jobid: 4
    reason: Missing output files: results/empty_tank/visualization.png; Input files updated by another job: results/empty_tank/log.interFoam, results/empty_tank/0.1
    wildcards: case_name=empty_tank
    resources: tmpdir=/var/folders/gr/0j917nfx62x487fv_l35dkn40000gn/T
[Fri Dec 26 14:15:23 2025]
Finished jobid: 4 (Rule: visualize)
4 of 5 steps (80%) done
Select jobs to execute...
Execute 1 jobs...
[Fri Dec 26 14:15:23 2025]
localrule all:
    input: results/wigley/visualization.png, results/empty_tank/visualization.png
    jobid: 0
    reason: Input files updated by another job: results/wigley/visualization.png, results/empty_tank/visualization.png
    resources: tmpdir=/var/folders/gr/0j917nfx62x487fv_l35dkn40000gn/T
[Fri Dec 26 14:15:23 2025]
Finished jobid: 0 (Rule: all)
5 of 5 steps (100%) done
Complete log(s): /Users/baart_f/src/openfoam-ships/.snakemake/log/2025-12-26T141521.497923.snakemake.log
